<?xml version="1.0" encoding="UTF-8"?>
<testng-results ignored="0" total="2" passed="2" failed="0" skipped="0">
  <reporter-output>
  </reporter-output>
  <suite started-at="2023-08-06T20:08:16 BDT" name="Default suite" finished-at="2023-08-06T20:09:13 BDT" duration-ms="56645">
    <groups>
    </groups>
    <test started-at="2023-08-06T20:08:16 BDT" name="Default test" finished-at="2023-08-06T20:09:13 BDT" duration-ms="56645">
      <class name="com.bd.WebAutomation1.Alart">
        <test-method is-config="true" signature="start()[pri:0, instance:com.bd.WebAutomation1.Alart@71ba6d4e]" started-at="2023-08-06T20:08:09 BDT" name="start" finished-at="2023-08-06T20:08:16 BDT" duration-ms="6450" status="PASS">
          <reporter-output>
          </reporter-output>
        </test-method> <!-- start -->
        <test-method signature="startWebSite()[pri:0, instance:com.bd.WebAutomation1.Alart@71ba6d4e]" started-at="2023-08-06T20:08:16 BDT" name="startWebSite" finished-at="2023-08-06T20:08:55 BDT" duration-ms="39005" status="PASS">
          <reporter-output>
          </reporter-output>
        </test-method> <!-- startWebSite -->
        <test-method signature="navigate()[pri:1, instance:com.bd.WebAutomation1.Alart@71ba6d4e]" started-at="2023-08-06T20:08:55 BDT" name="navigate" finished-at="2023-08-06T20:09:13 BDT" duration-ms="17581" status="PASS">
          <reporter-output>
          </reporter-output>
        </test-method> <!-- navigate -->
        <test-method is-config="true" signature="end()[pri:0, instance:com.bd.WebAutomation1.Alart@71ba6d4e]" started-at="2023-08-06T20:09:13 BDT" name="end" finished-at="2023-08-06T20:09:13 BDT" duration-ms="314" status="PASS">
          <reporter-output>
          </reporter-output>
        </test-method> <!-- end -->
      </class> <!-- com.bd.WebAutomation1.Alart -->
    </test> <!-- Default test -->
  </suite> <!-- Default suite -->
</testng-results>
