<?xml version="1.0" encoding="UTF-8"?>
<!-- Generated by org.testng.reporters.JUnitXMLReporter -->
<testsuite ignored="0" hostname="DESKTOP-UBNUAQT" failures="0" tests="3" name="Default test" time="36.216" errors="0" timestamp="2023-08-06T18:48:13 BDT">
  <testcase classname="testClasses.AddDeliveryAddressTest" name="loginPageTitle" time="18.803"/>
  <testcase classname="testClasses.AddDeliveryAddressTest" name="performLogin" time="4.863"/>
  <testcase classname="testClasses.AddDeliveryAddressTest" name="addDeliveryAddress" time="12.361"/>
</testsuite> <!-- Default test -->
