<?xml version="1.0" encoding="UTF-8"?>
<testng-results ignored="0" total="3" passed="3" failed="0" skipped="0">
  <reporter-output>
  </reporter-output>
  <suite started-at="2023-08-06T18:47:37 BDT" name="Default suite" finished-at="2023-08-06T18:48:13 BDT" duration-ms="36216">
    <groups>
    </groups>
    <test started-at="2023-08-06T18:47:37 BDT" name="Default test" finished-at="2023-08-06T18:48:13 BDT" duration-ms="36216">
      <class name="testClasses.AddDeliveryAddressTest">
        <test-method is-config="true" signature="setBrowser()[pri:0, instance:testClasses.AddDeliveryAddressTest@60df60da]" started-at="2023-08-06T18:47:33 BDT" name="setBrowser" finished-at="2023-08-06T18:47:37 BDT" duration-ms="4150" status="PASS">
          <reporter-output>
          </reporter-output>
        </test-method> <!-- setBrowser -->
        <test-method signature="loginPageTitle()[pri:1, instance:testClasses.AddDeliveryAddressTest@60df60da]" started-at="2023-08-06T18:47:37 BDT" name="loginPageTitle" finished-at="2023-08-06T18:47:56 BDT" duration-ms="18803" status="PASS">
          <reporter-output>
          </reporter-output>
        </test-method> <!-- loginPageTitle -->
        <test-method signature="performLogin()[pri:2, instance:testClasses.AddDeliveryAddressTest@60df60da]" started-at="2023-08-06T18:47:56 BDT" name="performLogin" finished-at="2023-08-06T18:48:01 BDT" duration-ms="4863" status="PASS">
          <reporter-output>
          </reporter-output>
        </test-method> <!-- performLogin -->
        <test-method signature="addDeliveryAddress()[pri:3, instance:testClasses.AddDeliveryAddressTest@60df60da]" started-at="2023-08-06T18:48:01 BDT" name="addDeliveryAddress" finished-at="2023-08-06T18:48:13 BDT" duration-ms="12361" status="PASS">
          <reporter-output>
          </reporter-output>
        </test-method> <!-- addDeliveryAddress -->
        <test-method is-config="true" signature="quitBrowser()[pri:0, instance:testClasses.AddDeliveryAddressTest@60df60da]" started-at="2023-08-06T18:48:13 BDT" name="quitBrowser" finished-at="2023-08-06T18:48:13 BDT" duration-ms="2" status="PASS">
          <reporter-output>
          </reporter-output>
        </test-method> <!-- quitBrowser -->
      </class> <!-- testClasses.AddDeliveryAddressTest -->
    </test> <!-- Default test -->
  </suite> <!-- Default suite -->
</testng-results>
